(1)(000000010101100101001000000011101000001010011000011111010011001000011100000011000001100000111001)(0)
(0001)(00001110101001000101101001011101111010111011101111101)(000)
(11)(000011110101010010101111101010111000111011011001)(000010001111)
(111111)(000111001101110111111011)(0000111001000111101)(0000100111000110000101011010001000101001)
(1)(011011011)(001010011101)(0000010001000111110010000111001)(0000000111111001010000100101011)(0)
(1)(011)(0010111011)(00001)(0000010011)(0000001110001101100101)
(11)(00111)(0011)(00001111001010110011111010111111010100011111011111)
(01)(00110011)(001011110111010110011101011)(0001100101111110001101)
(011)(0101110101111111111)(0001010101)(0000010111011111011011101010010011110101101)
(11)(000011)(0000000010110011011111000111100000111101110011010110111000001100000111110010001)
(00000000100111110010100000110101101000110010111110000011101010000100111001001010011)
(11)(001010110100101110111101)(0001011101100011011)(000101001110101111)(0000101001101100010111)
(01111011111)(0011)(001010111)(000100011111101101011101010001001001)(00001111101110100100010011111)
(01)(00101)(00011100100111101111110110111111101111)(00000101001100101000001011100011001001)
(1)(00101011)(001)(0000110011011100111111101)(0000000111011)
(0111)(0001)(0000000111010010110010000111001101110100011011010010011111001)
(0111)(011)(01)(00011)(00001011)(00001001010100010010111110110011100110011111001110001001)(0)
(1111111)(001)(00010011110100100011101011110001010110010100010011111100010111010111111001)(0)
(0111)(001)(0001011010100110011001100010110110111101101111100101)(0)
(1)(001111)(001101)(001)(000001100110001101110000101001000100101001101111)
(1)(01)(00011100110110101101110011001011001101101)(000010100011010100101111)(00)
(0000001000110000100111011111000111001010001101001001010111010011111)(0)
(1)(01)(0001010001111111)(0001000100100100100110010001111001)(000011110101111100111010001)(0)
(0011011101110111010101)(001001100111)(001)(00000001111000001101001111010111)(00000001000101010001)(0)
(0010111001011100101111101111111101111100101111011111011)(0000101011110110101010100010010110101111)
(01011)(0000110111111)(000000100011100010010111110101110100001001001111)(000)
(1)(011)(010111111)(0000011)(000000011101000000100111100000110001111000001100011011100001)
(1)(000010011)(00000001000110000010000010010010011001100100100101001101100101011)(00)
(1)(001)(000100100100101001101100101)(0000111001110111011110101111000011101010011111111)(00000000011)
(1)(000010011000111101010101)(0000010100011110010001100100010011111111)
(1111)(001101)(0000100010011101001001111110101100001101010110110101010111)
(11)(0001111001)(00000101000101)(000000110001101000001111101111)
(1)(01)(0011)(00010101001010110010010101)(000011010101111)(0000101010010100100110010111110110000111100100111)
(1111)(0010110011)(000001010101000001110100111001110110001110000110001)
(000011011001)(0000101001000101001101111011110010001001)(00)
(111)(0001111101)(000111)(0000111)(0000010111000100100000111101101000101110001000111001010000100011)
(11)(0000001101110001)(0000001000110110110111101011101101101001011110000011101001010010111010011)(0)
(000100101011111111110101100110011)(000010011011000100011101011011101101111)(0000100100101110010111001)
(111)(011011011)(001111101110101111)(00010110001011101111101)(0)
(111)(011)(001001011111)(0001)(00001100111)(000000100001111011001)(0)
(111)(0011001100110011101)(0010110111101)(001001)(000101101)(0000111)(00000100110101011000101101011011111011)(0)
(1)(01)(00101010011010101)(00010111001)(0001)(000010100011011111101010111010000110010001)
(011011)(01)(00101)(00000001010111101111)(000000000111010111001001000001000011011011011111011000101101011)
(11)(01)(001110101)(000110111)(000011101100110001101111110111011100111)(000000001011100011111011111)
(0010100111100111011)(000000010100011011010011000010001010010100000100001001011)(0)
(1)(01010101)(0001010110010011010111001100101001111011101010111)(000001100010101101100011101100101)(0000)
(1111)(010101)(00000110010111110111111100100100110010111010000101)(00000101110111111000111001)(0)
(0011)(000000101000100001100101110010001011100100010101101111101)
(00001010011000110110010000111001011010001)(00000101010111)(00)
(001011)(000111111101101110011101110100101010100110101111)
(0000110001000011110010101011000110011)(0000101001101011)
(111)(00111111111110111111)(00101)(00010101)(0000101100011000101001111101)
(11)(01)(0001010010111001110001100100101110111011100011)(00001111111101111010100111)(0)
(1)(010101)(000001001001101000011010010100010111100100001011010100101001011001)
(00111)(001011111)(000000111010000010100011110000101101010110000001111001000101110011)(00)
(11)(0000110110100101100101011110111110101011000110010111)(00)
(000011010111010001)(0000110101101011010010011011)(0000100010111110011100101110101000100110010110110111)
(1)(000011)(00000111101001001000111111100111111000101010110110101)(00)
(11)(01111)(011011)(0101)(000011101100101111111001101110101001011101101)(00)
(0001011101011001)(000000111)(00000011001100011100000101111100101)(00)
(11)(0000100011101111000100001010011101)(00001)(0000001000100001000110110011101011)(0)
(111)(000100111011)(0000011001100011011010001101101111100110111101111100010110010110011)(00)
(1)(011)(0010101001011111111)(0001000100011011110100111010110110110001001)(0)
(11)(011)(01)(001001011100101001010111)(00001010010111100010111101110010010011000101000111110111110001)(00)
(01)(00100101011110110101)(001001)(000011101001111)(0000101)(0000011001110101)(000001010001101001010101011001)(000)
(1)(011)(000111)(0000000001111011111011111010011000001011011110010101001001)
(01)(001)(000011100011010100011010011101001111011)(00001101010101111110001111)(00000111010100111)
(1)(010111111)(010101111)(000011100101101101010001111001011011110110101101011)(0000011010110101110100101)
(111)(0111)(00010101001)(00001100111010100010101010001111)
(000101111011011110101111111101)(0000001010000010001011011)
(00110111)(00011111111)(00010001111110111)(0000101111111000011010100100001111110010101001)
(1)(00000000101111110100110110011000000111001001111000101010111101011)
(00001100011001111)(000001001101100101010001001010101011)(00)
(011)(000111)(00000000110000010011100000110100001001111110010111)
(0111)(0011001101)(0001)(000010001111000101)(0000000101101010000111101)(00)
(1)(011)(01)(00101011111)(00101)(000111)(0000111010101011)(00000101)(000000111011010010000111)(000000)
(00101010100101111101001101111111)(0001100111101010111)(0001100100011110101111011)(000101010101)
(000000011111100001001001010110001101101)(0000000000111000110101010010001100011110111)
(1)(00000011001000010111000110010011100000111010000010001110011001)(000)
(01)(0001)(000000000100011100011000100100100001001100000010011100010001111010111001010011)(00)
(001111)(0001110111110011110010100110011101110100101101110010001111)(0000011011000111)
(001101010101011010110101)(000111110011110011110110111001)(00011101)(00)
(0010101101101101110101)(000101100100111000110011001111110101)(00000010001100101)
(01)(00101111101)(00011)(000100111001)(0000001010100101101101110110011111111)
(000111111001100100100101)(0000000001101011110110010110011110010011000101)
(111111)(0101)(00010111111100011011)(000010110111001110001111010011111)(000000000011011101011101)
(11)(0000010110100010010010110010111101111111100101001111010101)(00)
(0111)(0101)(00011101)(0000011111010011)(00000111101100100110010110100100100101001111110100101111)(0)
(1)(001111111)(00011110101010100100101011110111110110101)(0000001)
(0001010010110111101)(000101)(000011111111)(000000001010010001011001101)
(11)(001111)(000111011111001011101010011101)(00001011111010001)
(00110011101)(0000000111111111101010111011110100100100100000111)(0000000)
(0101)(0011101)(0011)(001)(000000100101000010110111110001111100111011001000001)
(11)(000110011001)(000000100000101000110001001010001110001)(0000001)(00)
(1)(01)(001)(000110111011111101101011)(00010111110101011100111111100111)(000001101010011101101)
(01)(000101110100100011)(0001)(00000101111001111111001)(00000101100010100110100101110011110001101111)(0)
(001001011111101011)(0001001011101001)(0001)(00001)(0000011101101001)
(0011)(00000010000010011100100001000111110101011110110110001100000010001011001)(00)
(011)(000110011011)(0000011101111000111111111110100100001)
(1)(0000110001001111000101010111100100100011000101001)(0)
(1111111111)(011)(00101111111100111001101)(00100111)(000001001110011111000101000100111110110011001111)(000)
(0001011)(00001101011001111010010011001)(0000001101000100101001000101000101010001010010111000110011111)
(01)(0011101111)(0000110111111101100011101)(00000011011000101011011010100010100110101)(0)
(1)(000100111)(0000001001101010100010010111001111010110011001011011111)
(0101)(001110101)(0010101111011111101010111)(00000001101110111111110101101010100001101100001)
(11)(010110111)(01)(0000111)(000000111111010111010000010000011011)
(01010110110110111)(0011)(00011110011010010011011100101)(000000101111101101110110011000001)
(00100111110010101011011010101111111110111111011)(001)(0001001101111000110001110101100111011)(0)
(11)(00101011010111001011011001110011011111011)(0001001011101111101)(0001001000110001110110100111)(00)
(00111)(0001011110111)(00010110101)(000101)(00000110010101001011110000111111011)
(0111)(0011111011)(000111)(000010001110111010111001111010111)(0000011)(0)
(011)(0101111011)(00010100100011011111110011011)(0000001010101001001101000011010001)
(00111)(0011)(000110101001011111)(000100011)(0000010001101111101000011111110101011111)
(1)(01)(00101111011011010101)(0000000001000001010101011101011010111100001000011101)(000)
(1)(01111)(01)(0001001101111111101001100110100011110010110010111110110100101111110011011111)(00)
(01)(00010111001000111101101101110011)(0000111101110001101000111111)(00000100011001110110100011001011011)(0)
(00001110110111100011011111)(00001001100101000010111111001110011010010100011111101)(000)
(1)(000001010010101111001100111101)(000000000101000010110010101110111)
(011111011111111)(01)(00010001111101011111)(0000001100011101001111000101)(00000000111011111)(0)
(11)(00010111101111011101001)(00010110111)(00000010111110111010000011)(00000010010101)
(010111)(01)(001101010101010111111)(001011)(00000100110101101101101)(000)
(1)(01)(000011110111110111010010101101101101)(000010101101111111100101)
(11)(0111)(0101)(000011)(00000110001001101010100010101001011100001000101010011111011)(000001)(00)
(111)(000000011011111110100110100111101100100100101011101100001010101100100001101010001)
(0011101101)(0011)(001)(000000010001001010111101001000011111)
(1111)(00010110010111111)(0001001101010101000110111)(00001)
(1)(001111)(000111011100110101)(000011111)(000001011010111110010111110111101111000010101010100100011111)(0)
(0001011101111111011101100110011)(0000111000100101110111101010011001111)(0000100011110001100111111)(0)
(01)(0001100101101)(00001011001010001100010010111001111)(0000001110100111)(0000001101011110111)
(1)(011)(0001101010100101001011010011001011001101011)(000000111101111)
(1)(0001110101101001001011)(000010011)(000001001010111000010101101101101110100001100000101000111)
(11)(01)(000110111011001011111001)(0001010010100011101101101111110001011)(0001)(00001111110111)(00)
(1)(00101)(0001010011010101010110011111101101)(00001000101)(000000111100111000100101000011001101)(000000)
(010111010111)(000101111001)(0001001110111)(00000110101011010011011101010010011110011010000100011101011)(00)
(1111)(00001110011011001110010110110111010101100010011)(000000)
(1)(01010101)(001110101110111010100111011)(0000111010110010010011100011001011101)
(0101111101111111111)(00010100101)(00001110010001101010010111100110100100111001101001101)(00)
(1)(00001011001001110011001010001011100111100011101011101)(0000010001)
(01)(00010101)(00001010001111101)(00000000101100011001111001101000101010101111110100111)
(01011111)(00110011)(000111010111011111010010111111110111)(00001011000110111100011000101110010011110101)
(011)(000000101111010100011010101101100011011010010001011101000010110011111)(0)
(001)(000000101101100010101010011010100011110011001001011111001)
(00000011011010110111000101011111000111111111010001010111111010010110101001111100000100011)
(011)(001)(000111110101)(000000101010110110000111111111000111101010101001111011)
(1)(0101011111111011)(0101)(0000010111100010010101100110010111011010001010001001)(0000001100101100000111101)(0)
(0111111)(0010100111)(00000111110101110101010111001001101010010111)
(1111)(00000111110100010110100111011101000011101000110010110110110100010001101)(0000011111)
(001101101)(00011111010101111100101101110111110111)(00011110100101110101101110111011101011)(000011)
(11)(01)(0001001001)(00001100110010100111)(000010110011001011011111)(000001)
(010111)(00101)(000111111101100110100110111100100111011101)(00001110111)
(11)(0000101)(000000010110100010000010010110011110111)(00)
(0001110010110010100110111010111010011)(000001011100010001111000010110000111011)(0)
(0001001)(000000010111001111101000001110001010101001000000011)(000)
(11)(00111011)(0010101)(00000101110101010011111111)(000000110011010010000011100110111101111)
(1)(0101)(001011101011)(001001010101011)(0001010110011110100111)(00001)(00)
(011)(000111001101011011001011101)(00000110001111111011)
(1)(0001100110110111101001)(0000101010100011101100010001100111101010100001011111101)
(01)(0001100011)(00010110111)(00010101011111001100011)(00010100110011)(000011110101)(0)
(000101111)(00001011110001100011001001111)(000001101110010010001001110011111010100111101000111010101)(0)
(1)(000010110010010111111)(0000100101011011)(000000101010001011100011101111111110001011100110001)(00)
(00011011011011011)(00001010101010001100110010101111)(0)
(1)(01010101111111)(01)(00011011010011)(000100101111101110001011)(00000111111011010110100001101110110110101)
(001101010111011)(00000101011001100100101010100111111001000111011)(00000100111100010110110001000110011)
(11)(01111)(0000011010100010000110010111001010110001101010110010101011011)
(0111)(0101)(000001100110001100010011111001011111101010111)(000)
(01111)(0011011001110110100111101)(001)(000101101001010110100110010101)(00001)
(011011011)(001)(0001101010100011111101)(00000010111001101000010110100100101111101010110111)(0)
(000111011101100111110111001110011001)(0001)(0000110110011011000100011)(00000001111000110110111111)(000)
(1)(00001010010111100110000111011010110011)(0000010110001)
(0011)(001010011101111011)(000101)(0000111111011100111101011110110001)(00)
(010111)(01011)(0011)(0010111111111)(001011)(00010111)(0000001)(0)
(11)(00111)(00101111111)(000100011101111011)(000000011101000010011010010001101100001111111)
(1)(00011000111)(000001010100010101100000111110111101000001101)(0000000000110110111)(0)
(001001010111)(00001011111)(00001010101010001)(00001)(000000)
(001001101)(000111111001101011110011)(00000001001111000110110110111111)
(1)(01)(0011)(000101)(00010010111001110011110101)(00001001100011)(00)
(01)(00101011001101001101)(0001011)(0001001100011)(00000000110100101101010100011)
(11)(01011)(00101010100111011001010111110110111111011101111010011110111001100111110101)(0)
(1)(010101)(001100111)(001011101)(000101110110101111)(000010101101111)(0000011111)
(0001)(00001)(000000110010000001111111101011001101)(0000001001011000011)(0)
(11)(00011101101100111)(00010111111101111010101101101101111)(0001)(00001111)
(11)(0000101110011001111011101001010011100111111111111010100101)(000001)
(1)(0111)(0101)(0010010111101010011)(0001100110010011011110111)(00010011111)(000011010001011)
(01011)(01)(001001011011101)(0000011100100100111)(00000000111001001010110001100001)(000)
(1)(010110101101111011)(001)(000100101)(000010110001011011011101111)
(0001110100101110100110011001)(00001010100100010111011101100011)(00000110100100010011111011011001011)
(1)(01)(001011011011010101101011)(00011100111)(000100010001101010110010101111110111100010111111)(0)
(00000111010101011010111111110111111)(00000110011100111111110111111100001101)(0)
(000001010111101100010101101011111000001101001011000100101)
(001101001110111)(0000100110100110100011011011100010110010011)(000000001110001)
(00001111010100010011111)(00001011100011000111010101)(000)
(1)(00111)(0000100101100010000110101110111101111101100101001)(000000100001000001011101111011)
(0011111)(00101010101)(0001)(0000001011100011100110111110010101)(000)
(1)(001)(000001111001110011000110111011111001011110001110010001000111011)
(111)(000111100110010101011011011)(00001001)(000001010001000111000010011001001001111100001110111001000111)
(111)(0111)(0001110110010100111001101)(000010100110111000100111100011011001101000101)(00000000010110000111)
(011)(00111)(000011001111100101101111)(00001011010110111110010110011)(00000)
(1111)(00111)(000001111000111010110111000011110101110101010111011000011000011100111110110001010111)(00)
(111)(01)(0001011011)(00001011110001111001001111111100111100111)(0000001110111100001011001011101111)
(1111)(00111)(0011)(0000001100110010101101010101011100010101010000100110010101110100001)(00)
(111)(011111)(011)(01)(00110101)(00101011)(000001110000101000111010100001110110111)(00)
(1)(001)(0000010001001010110100001110011010111110011110010101)(0)
(1)(000011101100011111011110110010111)(0000110000110110111)(00001010110010100110100011011110001)(00)
(1)(01)(000101001101110110011101101100101010100111111)(00000010100111010010101100110010000111)
(1)(0111)(000010010001000111010011010101010011)(0000000010100111001100110111010111)
(0011010100110101010101011)(0010111)(001001100110111010111)(001)(000101010111)(000011010111)(0000)
(00000000111000110001101110001110010101101011011)(000000001000101011000100100011101110100111)
(011)(0011110101010101)(00011100111010111011011)(000111001011011)(0001001100101111)(00)
(1)(01)(001011)(000101001011)(0000111110100110111101111111)(0000001110111100101000010110111001)(0)
(01)(000000100111000101001110001111101110111000001000011101100011101011001111000111)
(1)(0001011000101101000111111000111001110111110001011100111000111011111)(0000010101111101011011111)
(1)(01)(001011)(000111101111001011)(00000101101)(00000011111011)
(0011)(0001101010111)(00010110010001101001001011010011011)(000101001001111011000111)(00000101010001101110001)
(1)(011)(0010101)(0000111)(0000011011000011)(0000010110111111000010101001001111110101)(0)
(1)(0011)(00001)(000000100000010110101000010110011011001000110111101)
(11)(0010101)(00001111110100101001110001001110101101011100101100011110011101101011001001111)(0000011)(0)
(11)(0000001101111101101010101111011)(000000100101)(0000001000001010011010000101000110110011110111111)(0)
(111)(000110011101011)(000101111110011001)(0000011101001000011011111100011100101111100010100101)(00)
(0011)(0001)(000001100110111001000100101010100111001001011101000111)(0000000101001011010100111)
(01)(00010111010111)(000000110010100010000110101101111110110101)(00)
(11)(0011110111)(0000100011101001101101100010101011000100111001101)(000001100001011)(0)
(0)
(0000000000000000000000000000000000000000000000000000000000000000000000000000000000000000000000000000)
(0101010101010101010101010101010101010101010101010101010101010101010101010101010101010101010101010101)
(0000000000000000000000000000000000000000000000000111111111111111111111111111111111111111111111111111)
(1111111111111111111111111111111111111111111111111)(000000000000000000000000000000000000000000000000000)
